This file contains any messages produced by compilers while
running configure, to aid debugging if configure makes a mistake.

It was created by configure, which was
generated by GNU Autoconf 2.59.  Invocation command line was

  $ ../configure 

## --------- ##
## Platform. ##
## --------- ##

hostname = Kenny
uname -m = i686
uname -r = 2.6.21-2-k7
uname -s = Linux
uname -v = #1 SMP Wed Jul 11 04:29:08 UTC 2007

/usr/bin/uname -p = unknown
/bin/uname -X     = unknown

/bin/arch              = i686
/usr/bin/arch -k       = unknown
/usr/convex/getsysinfo = unknown
hostinfo               = unknown
/bin/machine           = unknown
/usr/bin/oslevel       = unknown
/bin/universe          = unknown

PATH: /usr/local/bin
PATH: /usr/bin
PATH: /bin
PATH: /usr/games
PATH: /home/dario/.local/bin


## ----------- ##
## Core tests. ##
## ----------- ##

configure:1304: checking build system type
configure:1322: result: i686-pc-linux-gnu
configure:1330: checking host system type
configure:1344: result: i686-pc-linux-gnu
configure:1352: checking target system type
configure:1366: result: i686-pc-linux-gnu
configure:1394: checking for a BSD-compatible install
configure:1449: result: /usr/bin/install -c
configure:1460: checking whether build environment is sane
configure:1503: result: yes
configure:1528: WARNING: `missing' script is too old or missing
configure:1536: checking for gawk
configure:1552: found /usr/bin/gawk
configure:1562: result: gawk
configure:1572: checking whether make sets $(MAKE)
configure:1592: result: yes
configure:1775: checking for gcc
configure:1791: found /usr/bin/gcc
configure:1801: result: gcc
configure:2045: checking for C compiler version
configure:2048: gcc --version </dev/null >&5
gcc (GCC) 4.1.3 20070601 (prerelease) (Debian 4.1.2-12)
Copyright (C) 2006 Free Software Foundation, Inc.
This is free software; see the source for copying conditions.  There is NO
warranty; not even for MERCHANTABILITY or FITNESS FOR A PARTICULAR PURPOSE.

configure:2051: $? = 0
configure:2053: gcc -v </dev/null >&5
Using built-in specs.
Target: i486-linux-gnu
Configured with: ../src/configure -v --enable-languages=c,c++,fortran,objc,obj-c++,treelang --prefix=/usr --enable-shared --with-system-zlib --libexecdir=/usr/lib --without-included-gettext --enable-threads=posix --enable-nls --with-gxx-include-dir=/usr/include/c++/4.1.3 --program-suffix=-4.1 --enable-__cxa_atexit --enable-clocale=gnu --enable-libstdcxx-debug --enable-mpfr --with-tune=i686 --enable-checking=release i486-linux-gnu
Thread model: posix
gcc version 4.1.3 20070601 (prerelease) (Debian 4.1.2-12)
configure:2056: $? = 0
configure:2058: gcc -V </dev/null >&5
gcc: '-V' option must have argument
configure:2061: $? = 1
configure:2084: checking for C compiler default output file name
configure:2087: gcc    conftest.c  >&5
configure:2090: $? = 0
configure:2136: result: a.out
configure:2141: checking whether the C compiler works
configure:2147: ./a.out
configure:2150: $? = 0
configure:2167: result: yes
configure:2174: checking whether we are cross compiling
configure:2176: result: no
configure:2179: checking for suffix of executables
configure:2181: gcc -o conftest    conftest.c  >&5
configure:2184: $? = 0
configure:2209: result: 
configure:2215: checking for suffix of object files
configure:2236: gcc -c   conftest.c >&5
configure:2239: $? = 0
configure:2261: result: o
configure:2265: checking whether we are using the GNU C compiler
configure:2289: gcc -c   conftest.c >&5
configure:2295: $? = 0
configure:2299: test -z 
			 || test ! -s conftest.err
configure:2302: $? = 0
configure:2305: test -s conftest.o
configure:2308: $? = 0
configure:2321: result: yes
configure:2327: checking whether gcc accepts -g
configure:2348: gcc -c -g  conftest.c >&5
configure:2354: $? = 0
configure:2358: test -z 
			 || test ! -s conftest.err
configure:2361: $? = 0
configure:2364: test -s conftest.o
configure:2367: $? = 0
configure:2378: result: yes
configure:2395: checking for gcc option to accept ANSI C
configure:2465: gcc  -c -g -O2  conftest.c >&5
configure:2471: $? = 0
configure:2475: test -z 
			 || test ! -s conftest.err
configure:2478: $? = 0
configure:2481: test -s conftest.o
configure:2484: $? = 0
configure:2502: result: none needed
configure:2520: gcc -c -g -O2  conftest.c >&5
conftest.c:2: error: expected '=', ',', ';', 'asm' or '__attribute__' before 'me'
configure:2526: $? = 1
configure: failed program was:
| #ifndef __cplusplus
|   choke me
| #endif
configure:2678: checking for style of include used by make
configure:2706: result: GNU
configure:2734: checking dependency style of gcc
configure:2796: result: gcc3
configure:2895: checking for C++ compiler version
configure:2898: g++ --version </dev/null >&5
g++ (GCC) 4.1.3 20070601 (prerelease) (Debian 4.1.2-12)
Copyright (C) 2006 Free Software Foundation, Inc.
This is free software; see the source for copying conditions.  There is NO
warranty; not even for MERCHANTABILITY or FITNESS FOR A PARTICULAR PURPOSE.

configure:2901: $? = 0
configure:2903: g++ -v </dev/null >&5
Using built-in specs.
Target: i486-linux-gnu
Configured with: ../src/configure -v --enable-languages=c,c++,fortran,objc,obj-c++,treelang --prefix=/usr --enable-shared --with-system-zlib --libexecdir=/usr/lib --without-included-gettext --enable-threads=posix --enable-nls --with-gxx-include-dir=/usr/include/c++/4.1.3 --program-suffix=-4.1 --enable-__cxa_atexit --enable-clocale=gnu --enable-libstdcxx-debug --enable-mpfr --with-tune=i686 --enable-checking=release i486-linux-gnu
Thread model: posix
gcc version 4.1.3 20070601 (prerelease) (Debian 4.1.2-12)
configure:2906: $? = 0
configure:2908: g++ -V </dev/null >&5
g++: '-V' option must have argument
configure:2911: $? = 1
configure:2914: checking whether we are using the GNU C++ compiler
configure:2938: g++ -c   conftest.cc >&5
configure:2944: $? = 0
configure:2948: test -z 
			 || test ! -s conftest.err
configure:2951: $? = 0
configure:2954: test -s conftest.o
configure:2957: $? = 0
configure:2970: result: yes
configure:2976: checking whether g++ accepts -g
configure:2997: g++ -c -g  conftest.cc >&5
configure:3003: $? = 0
configure:3007: test -z 
			 || test ! -s conftest.err
configure:3010: $? = 0
configure:3013: test -s conftest.o
configure:3016: $? = 0
configure:3027: result: yes
configure:3069: g++ -c -g -O2  conftest.cc >&5
configure:3075: $? = 0
configure:3079: test -z 
			 || test ! -s conftest.err
configure:3082: $? = 0
configure:3085: test -s conftest.o
configure:3088: $? = 0
configure:3114: g++ -c -g -O2  conftest.cc >&5
conftest.cc: In function 'int main()':
conftest.cc:13: error: 'exit' was not declared in this scope
configure:3120: $? = 1
configure: failed program was:
| /* confdefs.h.  */
| 
| #define PACKAGE_NAME ""
| #define PACKAGE_TARNAME ""
| #define PACKAGE_VERSION ""
| #define PACKAGE_STRING ""
| #define PACKAGE_BUGREPORT ""
| /* end confdefs.h.  */
| 
| int
| main ()
| {
| exit (42);
|   ;
|   return 0;
| }
configure:3069: g++ -c -g -O2  conftest.cc >&5
configure:3075: $? = 0
configure:3079: test -z 
			 || test ! -s conftest.err
configure:3082: $? = 0
configure:3085: test -s conftest.o
configure:3088: $? = 0
configure:3114: g++ -c -g -O2  conftest.cc >&5
configure:3120: $? = 0
configure:3124: test -z 
			 || test ! -s conftest.err
configure:3127: $? = 0
configure:3130: test -s conftest.o
configure:3133: $? = 0
configure:3158: checking dependency style of g++
configure:3220: result: gcc3
configure:3266: checking for ranlib
configure:3282: found /usr/bin/ranlib
configure:3293: result: ranlib
configure:3318: checking for a BSD-compatible install
configure:3373: result: /usr/bin/install -c
configure:3690: creating ./config.status

## ---------------------- ##
## Running config.status. ##
## ---------------------- ##

This file was extended by config.status, which was
generated by GNU Autoconf 2.59.  Invocation command line was

  CONFIG_FILES    = 
  CONFIG_HEADERS  = 
  CONFIG_LINKS    = 
  CONFIG_COMMANDS = 
  $ ./config.status 

on Kenny

config.status:743: creating Makefile
config.status:743: creating src/Makefile
config.status:743: creating src/sysc/Makefile
config.status:743: creating src/sysc/communication/Makefile
config.status:743: creating src/sysc/datatypes/Makefile
config.status:743: creating src/sysc/datatypes/bit/Makefile
config.status:743: creating src/sysc/datatypes/fx/Makefile
config.status:743: creating src/sysc/datatypes/int/Makefile
config.status:743: creating src/sysc/datatypes/misc/Makefile
config.status:743: creating src/sysc/kernel/Makefile
config.status:743: creating src/sysc/tracing/Makefile
config.status:743: creating src/sysc/qt/Makefile
config.status:743: creating src/sysc/utils/Makefile
config.status:743: creating src/sysc/packages/Makefile
config.status:743: creating src/sysc/packages/boost/Makefile
config.status:743: creating src/sysc/packages/boost/bind/Makefile
config.status:743: creating src/sysc/packages/boost/config/Makefile
config.status:743: creating src/sysc/packages/boost/config/compiler/Makefile
config.status:743: creating src/sysc/packages/boost/config/platform/Makefile
config.status:743: creating src/sysc/packages/boost/config/stdlib/Makefile
config.status:743: creating src/sysc/packages/boost/mpl/Makefile
config.status:743: creating src/sysc/packages/boost/mpl/aux_/Makefile
config.status:743: creating src/sysc/packages/boost/mpl/aux_/config/Makefile
config.status:743: creating src/sysc/packages/boost/detail/Makefile
config.status:743: creating src/sysc/packages/boost/utility/Makefile
config.status:743: creating src/sysc/packages/boost/utility/detail/Makefile
config.status:743: creating examples/Makefile
config.status:743: creating examples/sysc/Makefile
config.status:743: creating examples/sysc/fir/Makefile
config.status:743: creating examples/sysc/fft/Makefile
config.status:743: creating examples/sysc/fft/fft_flpt/Makefile
config.status:743: creating examples/sysc/fft/fft_fxpt/Makefile
config.status:743: creating examples/sysc/pipe/Makefile
config.status:743: creating examples/sysc/pkt_switch/Makefile
config.status:743: creating examples/sysc/rsa/Makefile
config.status:743: creating examples/sysc/simple_bus/Makefile
config.status:743: creating examples/sysc/simple_fifo/Makefile
config.status:743: creating examples/sysc/simple_perf/Makefile
config.status:743: creating examples/sysc/2.1/Makefile
config.status:743: creating examples/sysc/2.1/dpipe/Makefile
config.status:743: creating examples/sysc/2.1/forkjoin/Makefile
config.status:743: creating examples/sysc/2.1/reset_signal_is/Makefile
config.status:743: creating examples/sysc/2.1/sc_export/Makefile
config.status:743: creating examples/sysc/2.1/sc_report/Makefile
config.status:743: creating examples/sysc/2.1/scx_barrier/Makefile
config.status:743: creating examples/sysc/2.1/scx_mutex_w_policy/Makefile
config.status:743: creating examples/sysc/2.1/specialized_signals/Makefile
config.status:919: executing depfiles commands

## ---------------- ##
## Cache variables. ##
## ---------------- ##

ac_cv_build=i686-pc-linux-gnu
ac_cv_build_alias=i686-pc-linux-gnu
ac_cv_c_compiler_gnu=yes
ac_cv_cxx_compiler_gnu=yes
ac_cv_env_CC_set=
ac_cv_env_CC_value=
ac_cv_env_CFLAGS_set=
ac_cv_env_CFLAGS_value=
ac_cv_env_CPPFLAGS_set=
ac_cv_env_CPPFLAGS_value=
ac_cv_env_CXXFLAGS_set=
ac_cv_env_CXXFLAGS_value=
ac_cv_env_CXX_set=set
ac_cv_env_CXX_value=g++
ac_cv_env_LDFLAGS_set=
ac_cv_env_LDFLAGS_value=
ac_cv_env_build_alias_set=
ac_cv_env_build_alias_value=
ac_cv_env_host_alias_set=
ac_cv_env_host_alias_value=
ac_cv_env_target_alias_set=
ac_cv_env_target_alias_value=
ac_cv_exeext=
ac_cv_host=i686-pc-linux-gnu
ac_cv_host_alias=i686-pc-linux-gnu
ac_cv_objext=o
ac_cv_path_install='/usr/bin/install -c'
ac_cv_prog_AWK=gawk
ac_cv_prog_ac_ct_CC=gcc
ac_cv_prog_ac_ct_RANLIB=ranlib
ac_cv_prog_cc_g=yes
ac_cv_prog_cc_stdc=
ac_cv_prog_cxx_g=yes
ac_cv_prog_make_make_set=yes
ac_cv_target=i686-pc-linux-gnu
ac_cv_target_alias=i686-pc-linux-gnu
am_cv_CC_dependencies_compiler_type=gcc3
am_cv_CXX_dependencies_compiler_type=gcc3

## ----------------- ##
## Output variables. ##
## ----------------- ##

ACLOCAL='aclocal-1.6'
AMDEPBACKSLASH='\'
AMDEP_FALSE='#'
AMDEP_TRUE=''
AMTAR='tar'
AR_TOOL='ar cru'
AS='as'
AUTOCONF='autoconf'
AUTOHEADER='autoheader'
AUTOMAKE='automake-1.6'
AWK='gawk'
CC='g++'
CCDEPMODE='depmode=gcc3'
CFLAGS='-Wall -O3'
CPPFLAGS=''
CXX='g++'
CXXDEPMODE='depmode=gcc3'
CXXFLAGS='-Wall -DSC_INCLUDE_FX -O3'
DEBUG_CXXFLAGS='-g'
DEFS='-DPACKAGE_NAME=\"\" -DPACKAGE_TARNAME=\"\" -DPACKAGE_VERSION=\"\" -DPACKAGE_STRING=\"\" -DPACKAGE_BUGREPORT=\"\" '
DEPDIR='.deps'
ECHO_C=''
ECHO_N='-n'
ECHO_T=''
EXEEXT=''
EXTRA_CXXFLAGS='-Wall -DSC_INCLUDE_FX'
INSTALL_DATA='${INSTALL} -m 644'
INSTALL_PROGRAM='${INSTALL}'
INSTALL_SCRIPT='${INSTALL}'
INSTALL_STRIP_PROGRAM='${SHELL} $(install_sh) -c -s'
LDFLAGS=''
LIBOBJS=''
LIBS=''
LTLIBOBJS=''
MAKEINFO='makeinfo'
OBJEXT='o'
OPT_CXXFLAGS='-O3'
PACKAGE='package'
PACKAGE_BUGREPORT=''
PACKAGE_NAME=''
PACKAGE_STRING=''
PACKAGE_TARNAME=''
PACKAGE_VERSION=''
PATH_SEPARATOR=':'
QT_ARCH='iX86'
RANLIB='ranlib'
SET_MAKE=''
SHELL='/bin/sh'
STRIP=''
TARGET_ARCH='linux'
VERSION='version'
ac_ct_CC='gcc'
ac_ct_CXX=''
ac_ct_RANLIB='ranlib'
ac_ct_STRIP=''
am__include='include'
am__quote=''
bindir='${exec_prefix}/bin'
build='i686-pc-linux-gnu'
build_alias=''
build_cpu='i686'
build_os='linux-gnu'
build_vendor='pc'
datadir='${prefix}/share'
exec_prefix='${prefix}'
host='i686-pc-linux-gnu'
host_alias=''
host_cpu='i686'
host_os='linux-gnu'
host_vendor='pc'
includedir='${prefix}/include'
infodir='${prefix}/info'
install_sh='/home/dario/Documenti/Universita/MPHS/Progetti/SystemC/systemc-2.2.05jun06_beta/config/install-sh'
libdir='${exec_prefix}/lib'
libexecdir='${exec_prefix}/libexec'
localstatedir='${prefix}/var'
mandir='${prefix}/man'
oldincludedir='/usr/include'
prefix='/home/dario/Documenti/Universita/MPHS/Progetti/SystemC/systemc-2.2.05jun06_beta'
program_transform_name='s,x,x,'
sbindir='${exec_prefix}/sbin'
sharedstatedir='${prefix}/com'
sysconfdir='${prefix}/etc'
target='i686-pc-linux-gnu'
target_alias=''
target_cpu='i686'
target_os='linux-gnu'
target_vendor='pc'

## ----------- ##
## confdefs.h. ##
## ----------- ##

#define PACKAGE_BUGREPORT ""
#define PACKAGE_NAME ""
#define PACKAGE_STRING ""
#define PACKAGE_TARNAME ""
#define PACKAGE_VERSION ""
#endif
#ifdef __cplusplus
extern "C" void std::exit (int) throw (); using std::exit;

configure: exit 0
